\BOOKMARK [1][-]{section.1}{Introduction}{}% 1
\BOOKMARK [1][-]{section.2}{Principal Component Analysis - PCA}{}% 2
\BOOKMARK [2][-]{subsection.2.1}{Method}{section.2}% 3
\BOOKMARK [2][-]{subsection.2.2}{Results}{section.2}% 4
\BOOKMARK [3][-]{subsubsection.2.2.1}{Two dimensions}{subsection.2.2}% 5
\BOOKMARK [3][-]{subsubsection.2.2.2}{Three dimensions}{subsection.2.2}% 6
\BOOKMARK [3][-]{subsubsection.2.2.3}{Comparison of the dataset and its estimation by PCA}{subsection.2.2}% 7
\BOOKMARK [1][-]{section.3}{Kernel Principal Component Analysis}{}% 8
\BOOKMARK [2][-]{subsection.3.1}{Method}{section.3}% 9
\BOOKMARK [2][-]{subsection.3.2}{Results}{section.3}% 10
\BOOKMARK [1][-]{section.4}{Multidimensional Scaling - MDS}{}% 11
\BOOKMARK [2][-]{subsection.4.1}{Method}{section.4}% 12
\BOOKMARK [2][-]{subsection.4.2}{Results}{section.4}% 13
\BOOKMARK [1][-]{section.5}{Isomap}{}% 14
\BOOKMARK [2][-]{subsection.5.1}{Method}{section.5}% 15
\BOOKMARK [2][-]{subsection.5.2}{Results}{section.5}% 16
\BOOKMARK [1][-]{section.6}{Comparing the different methods}{}% 17
\BOOKMARK [2][-]{subsection.6.1}{Time comparison}{section.6}% 18
\BOOKMARK [2][-]{subsection.6.2}{Error and preserved information}{section.6}% 19
\BOOKMARK [1][-]{section.7}{Conclusion}{}% 20
\BOOKMARK [1][-]{section.8}{Bibliography}{}% 21
