This is pdfTeX, Version 3.14159265-2.6-1.40.18 (MiKTeX 2.9.6600 64-bit) (preloaded format=pdflatex 2018.3.6)  17 MAR 2018 18:19
entering extended mode
**./Rapport_MAP581.tex
(Rapport_MAP581.tex
LaTeX2e <2017-04-15>
Babel <3.17> and hyphenation patterns for 75 language(s) loaded.
(C:\Users\flore\Desktop\LaTex\tex\latex\base\article.cls
Document Class: article 2014/09/29 v1.4h Standard LaTeX document class
(C:\Users\flore\Desktop\LaTex\tex\latex\base\size12.clo
File: size12.clo 2014/09/29 v1.4h Standard LaTeX file (size option)
)
\c@part=\count79
\c@section=\count80
\c@subsection=\count81
\c@subsubsection=\count82
\c@paragraph=\count83
\c@subparagraph=\count84
\c@figure=\count85
\c@table=\count86
\abovecaptionskip=\skip41
\belowcaptionskip=\skip42
\bibindent=\dimen102
)
(C:\Users\flore\Desktop\LaTex\tex\latex\base\inputenc.sty
Package: inputenc 2015/03/17 v1.2c Input encoding file
\inpenc@prehook=\toks14
\inpenc@posthook=\toks15

(C:\Users\flore\Desktop\LaTex\tex\latex\base\latin1.def
File: latin1.def 2015/03/17 v1.2c Input encoding file
))
(C:\Users\flore\Desktop\LaTex\tex\latex\base\fontenc.sty
Package: fontenc 2017/04/05 v2.0i Standard LaTeX package

(C:\Users\flore\Desktop\LaTex\tex\latex\base\t1enc.def
File: t1enc.def 2017/04/05 v2.0i Standard LaTeX file
LaTeX Font Info:    Redeclaring font encoding T1 on input line 48.
))
(C:\Users\flore\Desktop\LaTex\tex\latex\geometry\geometry.sty
Package: geometry 2010/09/12 v5.6 Page Geometry

(C:\Users\flore\Desktop\LaTex\tex\latex\graphics\keyval.sty
Package: keyval 2014/10/28 v1.15 key=value parser (DPC)
\KV@toks@=\toks16
)
(C:\Users\flore\Desktop\LaTex\tex\generic\oberdiek\ifpdf.sty
Package: ifpdf 2017/03/15 v3.2 Provides the ifpdf switch
)
(C:\Users\flore\Desktop\LaTex\tex\generic\oberdiek\ifvtex.sty
Package: ifvtex 2016/05/16 v1.6 Detect VTeX and its facilities (HO)
Package ifvtex Info: VTeX not detected.
)
(C:\Users\flore\Desktop\LaTex\tex\generic\ifxetex\ifxetex.sty
Package: ifxetex 2010/09/12 v0.6 Provides ifxetex conditional
)
\Gm@cnth=\count87
\Gm@cntv=\count88
\c@Gm@tempcnt=\count89
\Gm@bindingoffset=\dimen103
\Gm@wd@mp=\dimen104
\Gm@odd@mp=\dimen105
\Gm@even@mp=\dimen106
\Gm@layoutwidth=\dimen107
\Gm@layoutheight=\dimen108
\Gm@layouthoffset=\dimen109
\Gm@layoutvoffset=\dimen110
\Gm@dimlist=\toks17

(C:\Users\flore\Desktop\LaTex\tex\latex\geometry\geometry.cfg))
(C:\Users\flore\Desktop\LaTex\tex\latex\lm\lmodern.sty
Package: lmodern 2009/10/30 v1.6 Latin Modern Fonts
LaTeX Font Info:    Overwriting symbol font `operators' in version `normal'
(Font)                  OT1/cmr/m/n --> OT1/lmr/m/n on input line 22.
LaTeX Font Info:    Overwriting symbol font `letters' in version `normal'
(Font)                  OML/cmm/m/it --> OML/lmm/m/it on input line 23.
LaTeX Font Info:    Overwriting symbol font `symbols' in version `normal'
(Font)                  OMS/cmsy/m/n --> OMS/lmsy/m/n on input line 24.
LaTeX Font Info:    Overwriting symbol font `largesymbols' in version `normal'
(Font)                  OMX/cmex/m/n --> OMX/lmex/m/n on input line 25.
LaTeX Font Info:    Overwriting symbol font `operators' in version `bold'
(Font)                  OT1/cmr/bx/n --> OT1/lmr/bx/n on input line 26.
LaTeX Font Info:    Overwriting symbol font `letters' in version `bold'
(Font)                  OML/cmm/b/it --> OML/lmm/b/it on input line 27.
LaTeX Font Info:    Overwriting symbol font `symbols' in version `bold'
(Font)                  OMS/cmsy/b/n --> OMS/lmsy/b/n on input line 28.
LaTeX Font Info:    Overwriting symbol font `largesymbols' in version `bold'
(Font)                  OMX/cmex/m/n --> OMX/lmex/m/n on input line 29.
LaTeX Font Info:    Overwriting math alphabet `\mathbf' in version `normal'
(Font)                  OT1/cmr/bx/n --> OT1/lmr/bx/n on input line 31.
LaTeX Font Info:    Overwriting math alphabet `\mathsf' in version `normal'
(Font)                  OT1/cmss/m/n --> OT1/lmss/m/n on input line 32.
LaTeX Font Info:    Overwriting math alphabet `\mathit' in version `normal'
(Font)                  OT1/cmr/m/it --> OT1/lmr/m/it on input line 33.
LaTeX Font Info:    Overwriting math alphabet `\mathtt' in version `normal'
(Font)                  OT1/cmtt/m/n --> OT1/lmtt/m/n on input line 34.
LaTeX Font Info:    Overwriting math alphabet `\mathbf' in version `bold'
(Font)                  OT1/cmr/bx/n --> OT1/lmr/bx/n on input line 35.
LaTeX Font Info:    Overwriting math alphabet `\mathsf' in version `bold'
(Font)                  OT1/cmss/bx/n --> OT1/lmss/bx/n on input line 36.
LaTeX Font Info:    Overwriting math alphabet `\mathit' in version `bold'
(Font)                  OT1/cmr/bx/it --> OT1/lmr/bx/it on input line 37.
LaTeX Font Info:    Overwriting math alphabet `\mathtt' in version `bold'
(Font)                  OT1/cmtt/m/n --> OT1/lmtt/m/n on input line 38.
)
(C:\Users\flore\Desktop\LaTex\tex\generic\babel\babel.sty
Package: babel 2018/01/24 3.17 The Babel package

(C:\Users\flore\Desktop\LaTex\tex\generic\babel\switch.def
File: switch.def 2018/01/24 3.17 Babel switching mechanism
)
*************************************
* Local config file bblopts.cfg used
*
(C:\Users\flore\Desktop\LaTex\tex\latex\arabi\bblopts.cfg
File: bblopts.cfg 2005/09/08 v0.1 add Arabic and Farsi to "declared" options of
 babel
)
(C:\Users\flore\Desktop\LaTex\tex\generic\babel-french\french.ldf
Language: french 2018/02/04 v3.4b French support from the babel system

(C:\Users\flore\Desktop\LaTex\tex\generic\babel\babel.def
File: babel.def 2018/01/24 3.17 Babel common definitions

(C:\Users\flore\Desktop\LaTex\tex\generic\babel\switch.def
File: switch.def 2018/01/24 3.17 Babel switching mechanism
)
\babel@savecnt=\count90
\U@D=\dimen111

(C:\Users\flore\Desktop\LaTex\tex\generic\babel\txtbabel.def)
\bbl@dirlevel=\count91
)
\l@acadian = a dialect from \language\l@french 
\FB@nonchar=\count92
Package babel Info: Making : an active character on input line 411.
Package babel Info: Making ; an active character on input line 412.
Package babel Info: Making ! an active character on input line 413.
Package babel Info: Making ? an active character on input line 414.
\FBguill@level=\count93
\FB@everypar=\toks18
\FB@Mht=\dimen112
\mc@charclass=\count94
\mc@charfam=\count95
\mc@charslot=\count96
\std@mcc=\count97
\dec@mcc=\count98
\c@FBcaption@count=\count99
\listindentFB=\skip43
\descindentFB=\skip44
\labelwidthFB=\skip45
\leftmarginFB=\skip46
\parindentFFN=\dimen113
\FBfnindent=\skip47
))
(C:\Users\flore\Desktop\LaTex\tex\latex\carlisle\scalefnt.sty)
(C:\Users\flore\Desktop\LaTex\tex\latex\url\url.sty
\Urlmuskip=\muskip10
Package: url 2013/09/16  ver 3.4  Verb mode for urls, etc.
)
(C:\Users\flore\Desktop\LaTex\tex\latex\csquotes\csquotes.sty
Package: csquotes 2018/02/11 v5.2c context-sensitive quotations (JAW)

(C:\Users\flore\Desktop\LaTex\tex\latex\etoolbox\etoolbox.sty
Package: etoolbox 2018/02/11 v2.5e e-TeX tools for LaTeX (JAW)
\etb@tempcnta=\count100
)
\csq@reset=\count101
\csq@gtype=\count102
\csq@glevel=\count103
\csq@qlevel=\count104
\csq@maxlvl=\count105
\csq@tshold=\count106
\csq@ltx@everypar=\toks19

(C:\Users\flore\Desktop\LaTex\tex\latex\csquotes\csquotes.def
File: csquotes.def 2018/02/11 v5.2c csquotes generic definitions (JAW)
)
Package csquotes Info: Trying to load configuration file 'csquotes.cfg'...
Package csquotes Info: ... configuration file loaded successfully.

(C:\Users\flore\Desktop\LaTex\tex\latex\csquotes\csquotes.cfg
File: csquotes.cfg 
))
(C:\Users\flore\Desktop\LaTex\tex\latex\hyperref\hyperref.sty
Package: hyperref 2018/02/06 v6.86b Hypertext links for LaTeX

(C:\Users\flore\Desktop\LaTex\tex\generic\oberdiek\hobsub-hyperref.sty
Package: hobsub-hyperref 2016/05/16 v1.14 Bundle oberdiek, subset hyperref (HO)


(C:\Users\flore\Desktop\LaTex\tex\generic\oberdiek\hobsub-generic.sty
Package: hobsub-generic 2016/05/16 v1.14 Bundle oberdiek, subset generic (HO)
Package: hobsub 2016/05/16 v1.14 Construct package bundles (HO)
Package: infwarerr 2016/05/16 v1.4 Providing info/warning/error messages (HO)
Package: ltxcmds 2016/05/16 v1.23 LaTeX kernel commands for general use (HO)
Package: ifluatex 2016/05/16 v1.4 Provides the ifluatex switch (HO)
Package ifluatex Info: LuaTeX not detected.
Package hobsub Info: Skipping package `ifvtex' (already loaded).
Package: intcalc 2016/05/16 v1.2 Expandable calculations with integers (HO)
Package hobsub Info: Skipping package `ifpdf' (already loaded).
Package: etexcmds 2016/05/16 v1.6 Avoid name clashes with e-TeX commands (HO)
Package etexcmds Info: Could not find \expanded.
(etexcmds)             That can mean that you are not using pdfTeX 1.50 or
(etexcmds)             that some package has redefined \expanded.
(etexcmds)             In the latter case, load this package earlier.
Package: kvsetkeys 2016/05/16 v1.17 Key value parser (HO)
Package: kvdefinekeys 2016/05/16 v1.4 Define keys (HO)
Package: pdftexcmds 2018/01/21 v0.26 Utility functions of pdfTeX for LuaTeX (HO
)
Package pdftexcmds Info: LuaTeX not detected.
Package pdftexcmds Info: \pdf@primitive is available.
Package pdftexcmds Info: \pdf@ifprimitive is available.
Package pdftexcmds Info: \pdfdraftmode found.
Package: pdfescape 2016/05/16 v1.14 Implements pdfTeX's escape features (HO)
Package: bigintcalc 2016/05/16 v1.4 Expandable calculations on big integers (HO
)
Package: bitset 2016/05/16 v1.2 Handle bit-vector datatype (HO)
Package: uniquecounter 2016/05/16 v1.3 Provide unlimited unique counter (HO)
)
Package hobsub Info: Skipping package `hobsub' (already loaded).
Package: letltxmacro 2016/05/16 v1.5 Let assignment for LaTeX macros (HO)
Package: hopatch 2016/05/16 v1.3 Wrapper for package hooks (HO)
Package: xcolor-patch 2016/05/16 xcolor patch
Package: atveryend 2016/05/16 v1.9 Hooks at the very end of document (HO)
Package: atbegshi 2016/06/09 v1.18 At begin shipout hook (HO)
Package: refcount 2016/05/16 v3.5 Data extraction from label references (HO)
Package: hycolor 2016/05/16 v1.8 Color options for hyperref/bookmark (HO)
)
(C:\Users\flore\Desktop\LaTex\tex\latex\oberdiek\auxhook.sty
Package: auxhook 2016/05/16 v1.4 Hooks for auxiliary files (HO)
)
(C:\Users\flore\Desktop\LaTex\tex\latex\oberdiek\kvoptions.sty
Package: kvoptions 2016/05/16 v3.12 Key value format for package options (HO)
)
\@linkdim=\dimen114
\Hy@linkcounter=\count107
\Hy@pagecounter=\count108

(C:\Users\flore\Desktop\LaTex\tex\latex\hyperref\pd1enc.def
File: pd1enc.def 2018/02/06 v6.86b Hyperref: PDFDocEncoding definition (HO)
)
\Hy@SavedSpaceFactor=\count109

(C:\Users\flore\Desktop\LaTex\tex\latex\00miktex\hyperref.cfg
File: hyperref.cfg 2002/06/06 v1.2 hyperref configuration of TeXLive
)
Package hyperref Info: Option `hyperfootnotes' set `false' on input line 4383.
Package hyperref Info: Hyper figures OFF on input line 4509.
Package hyperref Info: Link nesting OFF on input line 4514.
Package hyperref Info: Hyper index ON on input line 4517.
Package hyperref Info: Plain pages OFF on input line 4524.
Package hyperref Info: Backreferencing OFF on input line 4529.
Package hyperref Info: Implicit mode ON; LaTeX internals redefined.
Package hyperref Info: Bookmarks ON on input line 4762.
\c@Hy@tempcnt=\count110
LaTeX Info: Redefining \url on input line 5115.
\XeTeXLinkMargin=\dimen115
\Fld@menulength=\count111
\Field@Width=\dimen116
\Fld@charsize=\dimen117
Package hyperref Info: Hyper figures OFF on input line 6369.
Package hyperref Info: Link nesting OFF on input line 6374.
Package hyperref Info: Hyper index ON on input line 6377.
Package hyperref Info: backreferencing OFF on input line 6384.
Package hyperref Info: Link coloring OFF on input line 6389.
Package hyperref Info: Link coloring with OCG OFF on input line 6394.
Package hyperref Info: PDF/A mode OFF on input line 6399.
LaTeX Info: Redefining \ref on input line 6439.
LaTeX Info: Redefining \pageref on input line 6443.
\Hy@abspage=\count112
\c@Item=\count113
)
Package hyperref Info: Driver (autodetected): hpdftex.

(C:\Users\flore\Desktop\LaTex\tex\latex\hyperref\hpdftex.def
File: hpdftex.def 2018/02/06 v6.86b Hyperref driver for pdfTeX
\Fld@listcount=\count114
\c@bookmark@seq@number=\count115

(C:\Users\flore\Desktop\LaTex\tex\latex\oberdiek\rerunfilecheck.sty
Package: rerunfilecheck 2016/05/16 v1.8 Rerun checks for auxiliary files (HO)
Package uniquecounter Info: New unique counter `rerunfilecheck' on input line 2
82.
)
\Hy@SectionHShift=\skip48
)
(C:\Users\flore\Desktop\LaTex\tex\latex\graphics\graphicx.sty
Package: graphicx 2017/06/01 v1.1a Enhanced LaTeX Graphics (DPC,SPQR)

(C:\Users\flore\Desktop\LaTex\tex\latex\graphics\graphics.sty
Package: graphics 2017/06/25 v1.2c Standard LaTeX Graphics (DPC,SPQR)

(C:\Users\flore\Desktop\LaTex\tex\latex\graphics\trig.sty
Package: trig 2016/01/03 v1.10 sin cos tan (DPC)
)
(C:\Users\flore\Desktop\LaTex\tex\latex\graphics-cfg\graphics.cfg
File: graphics.cfg 2016/06/04 v1.11 sample graphics configuration
)
Package graphics Info: Driver file: pdftex.def on input line 99.

(C:\Users\flore\Desktop\LaTex\tex\latex\graphics-def\pdftex.def
File: pdftex.def 2018/01/08 v1.0l Graphics/color driver for pdftex
))
\Gin@req@height=\dimen118
\Gin@req@width=\dimen119
)
(C:\Users\flore\Desktop\LaTex\tex\latex\polytechnique\polytechnique.sty
Package: polytechnique 2016/01/17 v1.3.4, standard scientific documents layout 
for Ecole polytechnique (Palaiseau,France).

(C:\Users\flore\Desktop\LaTex\tex\latex\tools\calc.sty
Package: calc 2014/10/28 v4.3 Infix arithmetic (KKT,FJ)
\calc@Acount=\count116
\calc@Bcount=\count117
\calc@Adimen=\dimen120
\calc@Bdimen=\dimen121
\calc@Askip=\skip49
\calc@Bskip=\skip50
LaTeX Info: Redefining \setlength on input line 80.
LaTeX Info: Redefining \addtolength on input line 81.
\calc@Ccount=\count118
\calc@Cskip=\skip51
)
(C:\Users\flore\Desktop\LaTex\tex\latex\graphics\color.sty
Package: color 2016/07/10 v1.1e Standard LaTeX Color (DPC)

(C:\Users\flore\Desktop\LaTex\tex\latex\graphics-cfg\color.cfg
File: color.cfg 2016/01/02 v1.6 sample color configuration
)
Package color Info: Driver file: pdftex.def on input line 147.
)
(C:\Users\flore\Desktop\LaTex\tex\latex\base\ifthen.sty
Package: ifthen 2014/09/29 v1.1c Standard LaTeX ifthen package (DPC)
)
(C:\Users\flore\Desktop\LaTex\tex\latex\titlesec\titlesec.sty
Package: titlesec 2016/03/21 v2.10.2 Sectioning titles
\ttl@box=\box26
\beforetitleunit=\skip52
\aftertitleunit=\skip53
\ttl@plus=\dimen122
\ttl@minus=\dimen123
\ttl@toksa=\toks20
\titlewidth=\dimen124
\titlewidthlast=\dimen125
\titlewidthfirst=\dimen126

(C:\Users\flore\Desktop\LaTex\tex\latex\titlesec\ttlps.def
File: ttlps.def 2016/03/15
))
\margehaut=\skip54
\hauteurentete=\skip55
\separationentete=\skip56
\margecote=\skip57
\margecoteinterieur=\skip58
\margecoteexterieur=\skip59
\margebas=\skip60
\separationpied=\skip61
\hauteurlogohori=\skip62
\separationtitre=\skip63
\epaisseurtrait=\skip64
\separationlignestitre=\skip65
\separationtitrecorps=\skip66
\hauteurlogopage=\skip67
\separationentetelogo=\skip68
\largeurfiletpiedcentre=\skip69
\largeurlogovert=\skip70
\hauteurlogovert=\skip71
\largeurlogohori=\skip72
\distancetitrelogo=\skip73
\separationlogotrait=\skip74
\largeurminipage=\skip75
\distancetitrecorps=\skip76
\largeurtitreentete=\skip77
\decalageverticalentete=\skip78
)
(C:\Users\flore\Desktop\LaTex\tex\latex\float\float.sty
Package: float 2001/11/08 v1.3d Float enhancements (AL)
\c@float@type=\count119
\float@exts=\toks21
\float@box=\box27
\@float@everytoks=\toks22
\@floatcapt=\box28
)
(C:\Users\flore\Desktop\LaTex\tex\latex\tools\enumerate.sty
Package: enumerate 2015/07/23 v3.00 enumerate extensions (DPC)
\@enLab=\toks23
)
(C:\Users\flore\Desktop\LaTex\tex\latex\enumitem\enumitem.sty
Package: enumitem 2011/09/28 v3.5.2 Customized lists
\labelindent=\skip79
\enit@outerparindent=\dimen127
\enit@toks=\toks24
\enit@inbox=\box29
\enitdp@description=\count120
)
(C:\Users\flore\Desktop\LaTex\tex\latex\soul\soul.sty
Package: soul 2003/11/17 v2.4 letterspacing/underlining (mf)
\SOUL@word=\toks25
\SOUL@lasttoken=\toks26
\SOUL@cmds=\toks27
\SOUL@buffer=\toks28
\SOUL@token=\toks29
\SOUL@spaceskip=\skip80
\SOUL@ttwidth=\dimen128
\SOUL@uldp=\dimen129
\SOUL@ulht=\dimen130
)
(C:\Users\flore\Desktop\LaTex\tex\latex\amsfonts\amsfonts.sty
Package: amsfonts 2013/01/14 v3.01 Basic AMSFonts support
\@emptytoks=\toks30
\symAMSa=\mathgroup4
\symAMSb=\mathgroup5
LaTeX Font Info:    Overwriting math alphabet `\mathfrak' in version `bold'
(Font)                  U/euf/m/n --> U/euf/b/n on input line 106.
)
(C:\Users\flore\Desktop\LaTex\tex\latex\amsmath\amsmath.sty
Package: amsmath 2017/09/02 v2.17a AMS math features
\@mathmargin=\skip81

For additional information on amsmath, use the `?' option.
(C:\Users\flore\Desktop\LaTex\tex\latex\amsmath\amstext.sty
Package: amstext 2000/06/29 v2.01 AMS text

(C:\Users\flore\Desktop\LaTex\tex\latex\amsmath\amsgen.sty
File: amsgen.sty 1999/11/30 v2.0 generic functions
\@emptytoks=\toks31
\ex@=\dimen131
))
(C:\Users\flore\Desktop\LaTex\tex\latex\amsmath\amsbsy.sty
Package: amsbsy 1999/11/29 v1.2d Bold Symbols
\pmbraise@=\dimen132
)
(C:\Users\flore\Desktop\LaTex\tex\latex\amsmath\amsopn.sty
Package: amsopn 2016/03/08 v2.02 operator names
)
\inf@bad=\count121
LaTeX Info: Redefining \frac on input line 213.
\uproot@=\count122
\leftroot@=\count123
LaTeX Info: Redefining \overline on input line 375.
\classnum@=\count124
\DOTSCASE@=\count125
LaTeX Info: Redefining \ldots on input line 472.
LaTeX Info: Redefining \dots on input line 475.
LaTeX Info: Redefining \cdots on input line 596.
\Mathstrutbox@=\box30
\strutbox@=\box31
\big@size=\dimen133
LaTeX Font Info:    Redeclaring font encoding OML on input line 712.
LaTeX Font Info:    Redeclaring font encoding OMS on input line 713.
\macc@depth=\count126
\c@MaxMatrixCols=\count127
\dotsspace@=\muskip11
\c@parentequation=\count128
\dspbrk@lvl=\count129
\tag@help=\toks32
\row@=\count130
\column@=\count131
\maxfields@=\count132
\andhelp@=\toks33
\eqnshift@=\dimen134
\alignsep@=\dimen135
\tagshift@=\dimen136
\tagwidth@=\dimen137
\totwidth@=\dimen138
\lineht@=\dimen139
\@envbody=\toks34
\multlinegap=\skip82
\multlinetaggap=\skip83
\mathdisplay@stack=\toks35
LaTeX Info: Redefining \[ on input line 2817.
LaTeX Info: Redefining \] on input line 2818.
)
(C:\Users\flore\Desktop\LaTex\tex\latex\pgf\frontendlayer\tikz.sty
(C:\Users\flore\Desktop\LaTex\tex\latex\pgf\basiclayer\pgf.sty
(C:\Users\flore\Desktop\LaTex\tex\latex\pgf\utilities\pgfrcs.sty
(C:\Users\flore\Desktop\LaTex\tex\generic\pgf\utilities\pgfutil-common.tex
\pgfutil@everybye=\toks36
\pgfutil@tempdima=\dimen140
\pgfutil@tempdimb=\dimen141

(C:\Users\flore\Desktop\LaTex\tex\generic\pgf\utilities\pgfutil-common-lists.te
x)) (C:\Users\flore\Desktop\LaTex\tex\generic\pgf\utilities\pgfutil-latex.def
\pgfutil@abb=\box32

(C:\Users\flore\Desktop\LaTex\tex\latex\ms\everyshi.sty
Package: everyshi 2001/05/15 v3.00 EveryShipout Package (MS)
))
(C:\Users\flore\Desktop\LaTex\tex\generic\pgf\utilities\pgfrcs.code.tex
Package: pgfrcs 2015/08/07 v3.0.1a (rcs-revision 1.31)
))
Package: pgf 2015/08/07 v3.0.1a (rcs-revision 1.15)

(C:\Users\flore\Desktop\LaTex\tex\latex\pgf\basiclayer\pgfcore.sty
(C:\Users\flore\Desktop\LaTex\tex\latex\pgf\systemlayer\pgfsys.sty
(C:\Users\flore\Desktop\LaTex\tex\generic\pgf\systemlayer\pgfsys.code.tex
Package: pgfsys 2014/07/09 v3.0.1a (rcs-revision 1.48)

(C:\Users\flore\Desktop\LaTex\tex\generic\pgf\utilities\pgfkeys.code.tex
\pgfkeys@pathtoks=\toks37
\pgfkeys@temptoks=\toks38

(C:\Users\flore\Desktop\LaTex\tex\generic\pgf\utilities\pgfkeysfiltered.code.te
x
\pgfkeys@tmptoks=\toks39
))
\pgf@x=\dimen142
\pgf@y=\dimen143
\pgf@xa=\dimen144
\pgf@ya=\dimen145
\pgf@xb=\dimen146
\pgf@yb=\dimen147
\pgf@xc=\dimen148
\pgf@yc=\dimen149
\w@pgf@writea=\write3
\r@pgf@reada=\read1
\c@pgf@counta=\count133
\c@pgf@countb=\count134
\c@pgf@countc=\count135
\c@pgf@countd=\count136
\t@pgf@toka=\toks40
\t@pgf@tokb=\toks41
\t@pgf@tokc=\toks42
 (C:\Users\flore\Desktop\LaTex\tex\generic\pgf\systemlayer\pgf.cfg
File: pgf.cfg 2008/05/14  (rcs-revision 1.7)
)
Driver file for pgf: pgfsys-pdftex.def

(C:\Users\flore\Desktop\LaTex\tex\generic\pgf\systemlayer\pgfsys-pdftex.def
File: pgfsys-pdftex.def 2014/10/11  (rcs-revision 1.35)

(C:\Users\flore\Desktop\LaTex\tex\generic\pgf\systemlayer\pgfsys-common-pdf.def
File: pgfsys-common-pdf.def 2013/10/10  (rcs-revision 1.13)
)))
(C:\Users\flore\Desktop\LaTex\tex\generic\pgf\systemlayer\pgfsyssoftpath.code.t
ex
File: pgfsyssoftpath.code.tex 2013/09/09  (rcs-revision 1.9)
\pgfsyssoftpath@smallbuffer@items=\count137
\pgfsyssoftpath@bigbuffer@items=\count138
)
(C:\Users\flore\Desktop\LaTex\tex\generic\pgf\systemlayer\pgfsysprotocol.code.t
ex
File: pgfsysprotocol.code.tex 2006/10/16  (rcs-revision 1.4)
)) (C:\Users\flore\Desktop\LaTex\tex\latex\xcolor\xcolor.sty
Package: xcolor 2016/05/11 v2.12 LaTeX color extensions (UK)

(C:\Users\flore\Desktop\LaTex\tex\latex\graphics-cfg\color.cfg
File: color.cfg 2016/01/02 v1.6 sample color configuration
)
Package xcolor Info: Driver file: pdftex.def on input line 225.
LaTeX Info: Redefining \color on input line 709.
Package xcolor Info: Model `cmy' substituted by `cmy0' on input line 1348.
Package xcolor Info: Model `hsb' substituted by `rgb' on input line 1352.
Package xcolor Info: Model `RGB' extended on input line 1364.
Package xcolor Info: Model `HTML' substituted by `rgb' on input line 1366.
Package xcolor Info: Model `Hsb' substituted by `hsb' on input line 1367.
Package xcolor Info: Model `tHsb' substituted by `hsb' on input line 1368.
Package xcolor Info: Model `HSB' substituted by `hsb' on input line 1369.
Package xcolor Info: Model `Gray' substituted by `gray' on input line 1370.
Package xcolor Info: Model `wave' substituted by `hsb' on input line 1371.
)
(C:\Users\flore\Desktop\LaTex\tex\generic\pgf\basiclayer\pgfcore.code.tex
Package: pgfcore 2010/04/11 v3.0.1a (rcs-revision 1.7)

(C:\Users\flore\Desktop\LaTex\tex\generic\pgf\math\pgfmath.code.tex
(C:\Users\flore\Desktop\LaTex\tex\generic\pgf\math\pgfmathcalc.code.tex
(C:\Users\flore\Desktop\LaTex\tex\generic\pgf\math\pgfmathutil.code.tex)
(C:\Users\flore\Desktop\LaTex\tex\generic\pgf\math\pgfmathparser.code.tex
\pgfmath@dimen=\dimen150
\pgfmath@count=\count139
\pgfmath@box=\box33
\pgfmath@toks=\toks43
\pgfmath@stack@operand=\toks44
\pgfmath@stack@operation=\toks45
)
(C:\Users\flore\Desktop\LaTex\tex\generic\pgf\math\pgfmathfunctions.code.tex
(C:\Users\flore\Desktop\LaTex\tex\generic\pgf\math\pgfmathfunctions.basic.code.
tex)
(C:\Users\flore\Desktop\LaTex\tex\generic\pgf\math\pgfmathfunctions.trigonometr
ic.code.tex)
(C:\Users\flore\Desktop\LaTex\tex\generic\pgf\math\pgfmathfunctions.random.code
.tex)
(C:\Users\flore\Desktop\LaTex\tex\generic\pgf\math\pgfmathfunctions.comparison.
code.tex)
(C:\Users\flore\Desktop\LaTex\tex\generic\pgf\math\pgfmathfunctions.base.code.t
ex)
(C:\Users\flore\Desktop\LaTex\tex\generic\pgf\math\pgfmathfunctions.round.code.
tex)
(C:\Users\flore\Desktop\LaTex\tex\generic\pgf\math\pgfmathfunctions.misc.code.t
ex)
(C:\Users\flore\Desktop\LaTex\tex\generic\pgf\math\pgfmathfunctions.integerarit
hmetics.code.tex)))
(C:\Users\flore\Desktop\LaTex\tex\generic\pgf\math\pgfmathfloat.code.tex
\c@pgfmathroundto@lastzeros=\count140
))
(C:\Users\flore\Desktop\LaTex\tex\generic\pgf\basiclayer\pgfcorepoints.code.tex
File: pgfcorepoints.code.tex 2013/10/07  (rcs-revision 1.27)
\pgf@picminx=\dimen151
\pgf@picmaxx=\dimen152
\pgf@picminy=\dimen153
\pgf@picmaxy=\dimen154
\pgf@pathminx=\dimen155
\pgf@pathmaxx=\dimen156
\pgf@pathminy=\dimen157
\pgf@pathmaxy=\dimen158
\pgf@xx=\dimen159
\pgf@xy=\dimen160
\pgf@yx=\dimen161
\pgf@yy=\dimen162
\pgf@zx=\dimen163
\pgf@zy=\dimen164
)
(C:\Users\flore\Desktop\LaTex\tex\generic\pgf\basiclayer\pgfcorepathconstruct.c
ode.tex
File: pgfcorepathconstruct.code.tex 2013/10/07  (rcs-revision 1.29)
\pgf@path@lastx=\dimen165
\pgf@path@lasty=\dimen166
)
(C:\Users\flore\Desktop\LaTex\tex\generic\pgf\basiclayer\pgfcorepathusage.code.
tex
File: pgfcorepathusage.code.tex 2014/11/02  (rcs-revision 1.24)
\pgf@shorten@end@additional=\dimen167
\pgf@shorten@start@additional=\dimen168
)
(C:\Users\flore\Desktop\LaTex\tex\generic\pgf\basiclayer\pgfcorescopes.code.tex
File: pgfcorescopes.code.tex 2015/05/08  (rcs-revision 1.46)
\pgfpic=\box34
\pgf@hbox=\box35
\pgf@layerbox@main=\box36
\pgf@picture@serial@count=\count141
)
(C:\Users\flore\Desktop\LaTex\tex\generic\pgf\basiclayer\pgfcoregraphicstate.co
de.tex
File: pgfcoregraphicstate.code.tex 2014/11/02  (rcs-revision 1.12)
\pgflinewidth=\dimen169
)
(C:\Users\flore\Desktop\LaTex\tex\generic\pgf\basiclayer\pgfcoretransformations
.code.tex
File: pgfcoretransformations.code.tex 2015/08/07  (rcs-revision 1.20)
\pgf@pt@x=\dimen170
\pgf@pt@y=\dimen171
\pgf@pt@temp=\dimen172
)
(C:\Users\flore\Desktop\LaTex\tex\generic\pgf\basiclayer\pgfcorequick.code.tex
File: pgfcorequick.code.tex 2008/10/09  (rcs-revision 1.3)
)
(C:\Users\flore\Desktop\LaTex\tex\generic\pgf\basiclayer\pgfcoreobjects.code.te
x
File: pgfcoreobjects.code.tex 2006/10/11  (rcs-revision 1.2)
)
(C:\Users\flore\Desktop\LaTex\tex\generic\pgf\basiclayer\pgfcorepathprocessing.
code.tex
File: pgfcorepathprocessing.code.tex 2013/09/09  (rcs-revision 1.9)
)
(C:\Users\flore\Desktop\LaTex\tex\generic\pgf\basiclayer\pgfcorearrows.code.tex
File: pgfcorearrows.code.tex 2015/05/14  (rcs-revision 1.43)
\pgfarrowsep=\dimen173
)
(C:\Users\flore\Desktop\LaTex\tex\generic\pgf\basiclayer\pgfcoreshade.code.tex
File: pgfcoreshade.code.tex 2013/07/15  (rcs-revision 1.15)
\pgf@max=\dimen174
\pgf@sys@shading@range@num=\count142
) (C:\Users\flore\Desktop\LaTex\tex\generic\pgf\basiclayer\pgfcoreimage.code.te
x
File: pgfcoreimage.code.tex 2013/07/15  (rcs-revision 1.18)

(C:\Users\flore\Desktop\LaTex\tex\generic\pgf\basiclayer\pgfcoreexternal.code.t
ex
File: pgfcoreexternal.code.tex 2014/07/09  (rcs-revision 1.21)
\pgfexternal@startupbox=\box37
))
(C:\Users\flore\Desktop\LaTex\tex\generic\pgf\basiclayer\pgfcorelayers.code.tex
File: pgfcorelayers.code.tex 2013/07/18  (rcs-revision 1.7)
)
(C:\Users\flore\Desktop\LaTex\tex\generic\pgf\basiclayer\pgfcoretransparency.co
de.tex
File: pgfcoretransparency.code.tex 2013/09/30  (rcs-revision 1.5)
)
(C:\Users\flore\Desktop\LaTex\tex\generic\pgf\basiclayer\pgfcorepatterns.code.t
ex
File: pgfcorepatterns.code.tex 2013/11/07  (rcs-revision 1.5)
)))
(C:\Users\flore\Desktop\LaTex\tex\generic\pgf\modules\pgfmoduleshapes.code.tex
File: pgfmoduleshapes.code.tex 2014/03/21  (rcs-revision 1.35)
\pgfnodeparttextbox=\box38
) (C:\Users\flore\Desktop\LaTex\tex\generic\pgf\modules\pgfmoduleplot.code.tex
File: pgfmoduleplot.code.tex 2015/08/03  (rcs-revision 1.13)
)
(C:\Users\flore\Desktop\LaTex\tex\latex\pgf\compatibility\pgfcomp-version-0-65.
sty
Package: pgfcomp-version-0-65 2007/07/03 v3.0.1a (rcs-revision 1.7)
\pgf@nodesepstart=\dimen175
\pgf@nodesepend=\dimen176
)
(C:\Users\flore\Desktop\LaTex\tex\latex\pgf\compatibility\pgfcomp-version-1-18.
sty
Package: pgfcomp-version-1-18 2007/07/23 v3.0.1a (rcs-revision 1.1)
)) (C:\Users\flore\Desktop\LaTex\tex\latex\pgf\utilities\pgffor.sty
(C:\Users\flore\Desktop\LaTex\tex\latex\pgf\utilities\pgfkeys.sty
(C:\Users\flore\Desktop\LaTex\tex\generic\pgf\utilities\pgfkeys.code.tex))
(C:\Users\flore\Desktop\LaTex\tex\latex\pgf\math\pgfmath.sty
(C:\Users\flore\Desktop\LaTex\tex\generic\pgf\math\pgfmath.code.tex))
(C:\Users\flore\Desktop\LaTex\tex\generic\pgf\utilities\pgffor.code.tex
Package: pgffor 2013/12/13 v3.0.1a (rcs-revision 1.25)

(C:\Users\flore\Desktop\LaTex\tex\generic\pgf\math\pgfmath.code.tex)
\pgffor@iter=\dimen177
\pgffor@skip=\dimen178
\pgffor@stack=\toks46
\pgffor@toks=\toks47
))
(C:\Users\flore\Desktop\LaTex\tex\generic\pgf\frontendlayer\tikz\tikz.code.tex
Package: tikz 2015/08/07 v3.0.1a (rcs-revision 1.151)

(C:\Users\flore\Desktop\LaTex\tex\generic\pgf\libraries\pgflibraryplothandlers.
code.tex
File: pgflibraryplothandlers.code.tex 2013/08/31 v3.0.1a (rcs-revision 1.20)
\pgf@plot@mark@count=\count143
\pgfplotmarksize=\dimen179
)
\tikz@lastx=\dimen180
\tikz@lasty=\dimen181
\tikz@lastxsaved=\dimen182
\tikz@lastysaved=\dimen183
\tikzleveldistance=\dimen184
\tikzsiblingdistance=\dimen185
\tikz@figbox=\box39
\tikz@figbox@bg=\box40
\tikz@tempbox=\box41
\tikz@tempbox@bg=\box42
\tikztreelevel=\count144
\tikznumberofchildren=\count145
\tikznumberofcurrentchild=\count146
\tikz@fig@count=\count147

(C:\Users\flore\Desktop\LaTex\tex\generic\pgf\modules\pgfmodulematrix.code.tex
File: pgfmodulematrix.code.tex 2013/09/17  (rcs-revision 1.8)
\pgfmatrixcurrentrow=\count148
\pgfmatrixcurrentcolumn=\count149
\pgf@matrix@numberofcolumns=\count150
)
\tikz@expandcount=\count151

(C:\Users\flore\Desktop\LaTex\tex\generic\pgf\frontendlayer\tikz\libraries\tikz
librarytopaths.code.tex
File: tikzlibrarytopaths.code.tex 2008/06/17 v3.0.1a (rcs-revision 1.2)
)))
Package csquotes Info: Checking for multilingual support...
Package csquotes Info: ... found 'babel' package.
Package csquotes Info: Adjusting default style.
Package csquotes Info: Redefining alias 'default' -> 'french'.
 (Rapport_MAP581.aux)
\openout1 = `Rapport_MAP581.aux'.

LaTeX Font Info:    Checking defaults for OML/cmm/m/it on input line 34.
LaTeX Font Info:    ... okay on input line 34.
LaTeX Font Info:    Checking defaults for T1/cmr/m/n on input line 34.
LaTeX Font Info:    ... okay on input line 34.
LaTeX Font Info:    Checking defaults for OT1/cmr/m/n on input line 34.
LaTeX Font Info:    ... okay on input line 34.
LaTeX Font Info:    Checking defaults for OMS/cmsy/m/n on input line 34.
LaTeX Font Info:    ... okay on input line 34.
LaTeX Font Info:    Checking defaults for OMX/cmex/m/n on input line 34.
LaTeX Font Info:    ... okay on input line 34.
LaTeX Font Info:    Checking defaults for U/cmr/m/n on input line 34.
LaTeX Font Info:    ... okay on input line 34.
LaTeX Font Info:    Checking defaults for PD1/pdf/m/n on input line 34.
LaTeX Font Info:    ... okay on input line 34.
LaTeX Font Info:    Try loading font information for T1+lmr on input line 34.

(C:\Users\flore\Desktop\LaTex\tex\latex\lm\t1lmr.fd
File: t1lmr.fd 2009/10/30 v1.6 Font defs for Latin Modern
)
*geometry* driver: auto-detecting
*geometry* detected driver: pdftex
*geometry* verbose mode - [ preamble ] result:
* driver: pdftex
* paper: a4paper
* layout: <same size as paper>
* layoutoffset:(h,v)=(0.0pt,0.0pt)
* modes: 
* h-part:(L,W,R)=(56.9055pt, 483.69687pt, 56.9055pt)
* v-part:(T,H,B)=(113.81102pt, 631.65118pt, 99.58464pt)
* \paperwidth=597.50787pt
* \paperheight=845.04684pt
* \textwidth=483.69687pt
* \textheight=631.65118pt
* \oddsidemargin=-15.36449pt
* \evensidemargin=-15.36449pt
* \topmargin=-69.4247pt
* \headheight=76.82243pt
* \headsep=34.1433pt
* \topskip=12.0pt
* \footskip=49.79231pt
* \marginparwidth=35.0pt
* \marginparsep=10.0pt
* \columnsep=10.0pt
* \skip\footins=10.8pt plus 4.0pt minus 2.0pt
* \hoffset=0.0pt
* \voffset=0.0pt
* \mag=1000
* \@twocolumnfalse
* \@twosidefalse
* \@mparswitchfalse
* \@reversemarginfalse
* (1in=72.27pt=25.4mm, 1cm=28.453pt)

LaTeX Info: Redefining \degres on input line 34.
LaTeX Info: Redefining \dots on input line 34.
LaTeX Info: Redefining \up on input line 34.
\AtBeginShipoutBox=\box43
Package hyperref Info: Link coloring OFF on input line 34.
(C:\Users\flore\Desktop\LaTex\tex\latex\hyperref\nameref.sty
Package: nameref 2016/05/21 v2.44 Cross-referencing by name of section

(C:\Users\flore\Desktop\LaTex\tex\generic\oberdiek\gettitlestring.sty
Package: gettitlestring 2016/05/16 v1.5 Cleanup title references (HO)
)
\c@section@level=\count152
)
LaTeX Info: Redefining \ref on input line 34.
LaTeX Info: Redefining \pageref on input line 34.
LaTeX Info: Redefining \nameref on input line 34.

(Rapport_MAP581.out) (Rapport_MAP581.out)
\@outlinefile=\write4
\openout4 = `Rapport_MAP581.out'.


(C:\Users\flore\Desktop\LaTex\tex\context\base\supp-pdf.mkii
[Loading MPS to PDF converter (version 2006.09.02).]
\scratchcounter=\count153
\scratchdimen=\dimen186
\scratchbox=\box44
\nofMPsegments=\count154
\nofMParguments=\count155
\everyMPshowfont=\toks48
\MPscratchCnt=\count156
\MPscratchDim=\dimen187
\MPnumerator=\count157
\makeMPintoPDFobject=\count158
\everyMPtoPDFconversion=\toks49
) (C:\Users\flore\Desktop\LaTex\tex\latex\oberdiek\epstopdf-base.sty
Package: epstopdf-base 2016/05/15 v2.6 Base part for package epstopdf

(C:\Users\flore\Desktop\LaTex\tex\latex\oberdiek\grfext.sty
Package: grfext 2016/05/16 v1.2 Manage graphics extensions (HO)
)
Package epstopdf-base Info: Redefining graphics rule for `.eps' on input line 4
38.
Package grfext Info: Graphics extension search list:
(grfext)             [.pdf,.png,.jpg,.mps,.jpeg,.jbig2,.jb2,.PDF,.PNG,.JPG,.JPE
G,.JBIG2,.JB2,.eps]
(grfext)             \AppendGraphicsExtensions on input line 456.
)
ABD: EveryShipout initializing macros
<polytechnique-armes.pdf, id=90, 195.21231pt x 257.65057pt>
File: polytechnique-armes.pdf Graphic file (type pdf)
<use polytechnique-armes.pdf>
Package pdftex.def Info: polytechnique-armes.pdf  used on input line 36.
(pdftex.def)             Requested size: 268.93454pt x 354.92172pt.
LaTeX Font Info:    Try loading font information for T1+lmss on input line 36.

(C:\Users\flore\Desktop\LaTex\tex\latex\lm\t1lmss.fd
File: t1lmss.fd 2009/10/30 v1.6 Font defs for Latin Modern
)

Package xcolor Warning: Incompatible color definition on input line 36.

LaTeX Info: Redefining \\ on input line 36.
<polytechnique-filetcourtbleu.pdf, id=91, 28.40442pt x 2.16678pt>
File: polytechnique-filetcourtbleu.pdf Graphic file (type pdf)
<use polytechnique-filetcourtbleu.pdf>
Package pdftex.def Info: polytechnique-filetcourtbleu.pdf  used on input line 3
6.
(pdftex.def)             Requested size: 28.40433pt x 2.16676pt.
LaTeX Font Info:    Try loading font information for OT1+lmr on input line 36.
(C:\Users\flore\Desktop\LaTex\tex\latex\lm\ot1lmr.fd
File: ot1lmr.fd 2009/10/30 v1.6 Font defs for Latin Modern
)
LaTeX Font Info:    Try loading font information for OML+lmm on input line 36.

(C:\Users\flore\Desktop\LaTex\tex\latex\lm\omllmm.fd
File: omllmm.fd 2009/10/30 v1.6 Font defs for Latin Modern
)
LaTeX Font Info:    Try loading font information for OMS+lmsy on input line 36.


(C:\Users\flore\Desktop\LaTex\tex\latex\lm\omslmsy.fd
File: omslmsy.fd 2009/10/30 v1.6 Font defs for Latin Modern
)
LaTeX Font Info:    Try loading font information for OMX+lmex on input line 36.


(C:\Users\flore\Desktop\LaTex\tex\latex\lm\omxlmex.fd
File: omxlmex.fd 2009/10/30 v1.6 Font defs for Latin Modern
)
LaTeX Font Info:    External font `lmex10' loaded for size
(Font)              <17.28> on input line 36.
LaTeX Font Info:    External font `lmex10' loaded for size
(Font)              <12> on input line 36.
LaTeX Font Info:    External font `lmex10' loaded for size
(Font)              <10> on input line 36.
LaTeX Font Info:    Try loading font information for U+msa on input line 36.

(C:\Users\flore\Desktop\LaTex\tex\latex\amsfonts\umsa.fd
File: umsa.fd 2013/01/14 v3.01 AMS symbols A
)
LaTeX Font Info:    Try loading font information for U+msb on input line 36.

(C:\Users\flore\Desktop\LaTex\tex\latex\amsfonts\umsb.fd
File: umsb.fd 2013/01/14 v3.01 AMS symbols B
)
<polytechnique-logovert.pdf, id=92, 196.53926pt x 267.24042pt>
File: polytechnique-logovert.pdf Graphic file (type pdf)
<use polytechnique-logovert.pdf>
Package pdftex.def Info: polytechnique-logovert.pdf  used on input line 36.
(pdftex.def)             Requested size: 85.4339pt x 116.1684pt.
 [1

{C:/Users/flore/AppData/Local/MiKTeX/2.9/pdftex/config/pdftex.map} <C:/Users/fl
ore/Desktop/LaTex/tex/latex/polytechnique/resources/polytechnique-armes.pdf> <C
:/Users/flore/Desktop/LaTex/tex/latex/polytechnique/resources/polytechnique-fil
etcourtbleu.pdf> <C:/Users/flore/Desktop/LaTex/tex/latex/polytechnique/resource
s/polytechnique-logovert.pdf>] (Rapport_MAP581.toc
LaTeX Font Info:    External font `lmex10' loaded for size
(Font)              <8> on input line 5.
LaTeX Font Info:    External font `lmex10' loaded for size
(Font)              <6> on input line 5.
)
\tf@toc=\write5
\openout5 = `Rapport_MAP581.toc'.



Package xcolor Warning: Incompatible color definition on input line 38.

<polytechnique-logohori.pdf, id=179, 195.52248pt x 85.3575pt>
File: polytechnique-logohori.pdf Graphic file (type pdf)
<use polytechnique-logohori.pdf>
Package pdftex.def Info: polytechnique-logohori.pdf  used on input line 38.
(pdftex.def)             Requested size: 97.76396pt x 42.67912pt.

Package xcolor Warning: Incompatible color definition on input line 38.

[2

 <C:/Users/flore/Desktop/LaTex/tex/latex/polytechnique/resources/polytechnique-
logohori.pdf>]
Overfull \hbox (33.5951pt too wide) in paragraph at lines 55--62
 [] 
 []

<latlon.jpg, id=211, 26.54324pt x 30.28342pt>
File: latlon.jpg Graphic file (type jpg)
<use latlon.jpg>
Package pdftex.def Info: latlon.jpg  used on input line 71.
(pdftex.def)             Requested size: 106.1726pt x 121.1333pt.

Package xcolor Warning: Incompatible color definition on input line 75.

File: polytechnique-logohori.pdf Graphic file (type pdf)
<use polytechnique-logohori.pdf>
Package pdftex.def Info: polytechnique-logohori.pdf  used on input line 75.
(pdftex.def)             Requested size: 97.76396pt x 42.67912pt.

Package xcolor Warning: Incompatible color definition on input line 75.

[3pdfTeX warning (ext4): destination with the same identifier (name{figure.1}) 
has been already used, duplicate ignored

\AtBegShi@Output ...ipout \box \AtBeginShipoutBox 
                                                  \fi \fi 
l.75 
     ]
<PCAexpli.png, id=221, 546.54187pt x 408.77719pt>
File: PCAexpli.png Graphic file (type png)
<use PCAexpli.png>
Package pdftex.def Info: PCAexpli.png  used on input line 105.
(pdftex.def)             Requested size: 273.27026pt x 204.38809pt.


Package xcolor Warning: Incompatible color definition on input line 109.

File: polytechnique-logohori.pdf Graphic file (type pdf)
<use polytechnique-logohori.pdf>
Package pdftex.def Info: polytechnique-logohori.pdf  used on input line 109.
(pdftex.def)             Requested size: 97.76396pt x 42.67912pt.

Package xcolor Warning: Incompatible color definition on input line 109.

[4pdfTeX warning (ext4): destination with the same identifier (name{figure.2}) 
has been already used, duplicate ignored

\AtBegShi@Output ...ipout \box \AtBeginShipoutBox 
                                                  \fi \fi 
l.109 		
        pdfTeX warning (ext4): destination with the same identifier (name{figur
e.3}) has been already used, duplicate ignored

\AtBegShi@Output ...ipout \box \AtBeginShipoutBox 
                                                  \fi \fi 
l.109 		
         <./latlon.jpg>]

LaTeX Warning: Command \^ invalid in math mode on input line 127.


Package xcolor Warning: Incompatible color definition on input line 131.

File: polytechnique-logohori.pdf Graphic file (type pdf)
<use polytechnique-logohori.pdf>
Package pdftex.def Info: polytechnique-logohori.pdf  used on input line 131.
(pdftex.def)             Requested size: 97.76396pt x 42.67912pt.

Package xcolor Warning: Incompatible color definition on input line 131.

[5pdfTeX warning (ext4): destination with the same identifier (name{figure.4}) 
has been already used, duplicate ignored

\AtBegShi@Output ...ipout \box \AtBeginShipoutBox 
                                                  \fi \fi 
l.131 	
        <./PCAexpli.png>]
<MDSexpli.png, id=238, 922.94812pt x 325.96782pt>
File: MDSexpli.png Graphic file (type png)
<use MDSexpli.png>
Package pdftex.def Info: MDSexpli.png  used on input line 151.
(pdftex.def)             Requested size: 369.1727pt x 130.38481pt.


Package xcolor Warning: Incompatible color definition on input line 159.

File: polytechnique-logohori.pdf Graphic file (type pdf)
<use polytechnique-logohori.pdf>
Package pdftex.def Info: polytechnique-logohori.pdf  used on input line 159.
(pdftex.def)             Requested size: 97.76396pt x 42.67912pt.

Package xcolor Warning: Incompatible color definition on input line 159.

[6pdfTeX warning (ext4): destination with the same identifier (name{figure.5}) 
has been already used, duplicate ignored

\AtBegShi@Output ...ipout \box \AtBeginShipoutBox 
                                                  \fi \fi 
l.159 	
        <./MDSexpli.png>]
<isoexpli.png, id=246, 388.45125pt x 304.88907pt>
File: isoexpli.png Graphic file (type png)
<use isoexpli.png>
Package pdftex.def Info: isoexpli.png  used on input line 162.
(pdftex.def)             Requested size: 233.07254pt x 182.93484pt.


Package xcolor Warning: Incompatible color definition on input line 197.

File: polytechnique-logohori.pdf Graphic file (type pdf)
<use polytechnique-logohori.pdf>
Package pdftex.def Info: polytechnique-logohori.pdf  used on input line 197.
(pdftex.def)             Requested size: 97.76396pt x 42.67912pt.

Package xcolor Warning: Incompatible color definition on input line 197.

[7pdfTeX warning (ext4): destination with the same identifier (name{figure.6}) 
has been already used, duplicate ignored

\AtBegShi@Output ...ipout \box \AtBeginShipoutBox 
                                                  \fi \fi 
l.197 		\end{align*}
                     <./isoexpli.png>]
<pca2.png, id=254, 722.7pt x 722.7pt>
File: pca2.png Graphic file (type png)
<use pca2.png>
Package pdftex.def Info: pca2.png  used on input line 204.
(pdftex.def)             Requested size: 361.3491pt x 361.3491pt.

Overfull \hbox (42.1074pt too wide) in paragraph at lines 204--205
[][] 
 []

<colors.png, id=255, 637.582pt x 901.769pt>
File: colors.png Graphic file (type png)
<use colors.png>
Package pdftex.def Info: colors.png  used on input line 208.
(pdftex.def)             Requested size: 95.63316pt x 135.2595pt.

Package xcolor Warning: Incompatible color definition on input line 230.

File: polytechnique-logohori.pdf Graphic file (type pdf)
<use polytechnique-logohori.pdf>
Package pdftex.def Info: polytechnique-logohori.pdf  used on input line 230.
(pdftex.def)             Requested size: 97.76396pt x 42.67912pt.

Package xcolor Warning: Incompatible color definition on input line 230.

[8pdfTeX warning (ext4): destination with the same identifier (name{figure.7}) 
has been already used, duplicate ignored

\AtBegShi@Output ...ipout \box \AtBeginShipoutBox 
                                                  \fi \fi 
l.230 		
         <./pca2.png> <./colors.png>]
<3Dpca1.png, id=263, 575.14874pt x 585.18625pt>
File: 3Dpca1.png Graphic file (type png)
<use 3Dpca1.png>
Package pdftex.def Info: 3Dpca1.png  used on input line 235.
(pdftex.def)             Requested size: 143.78683pt x 146.2962pt.
<3Dpca2.png, id=264, 561.09625pt x 570.13pt>
File: 3Dpca2.png Graphic file (type png)
<use 3Dpca2.png>
Package pdftex.def Info: 3Dpca2.png  used on input line 241.
(pdftex.def)             Requested size: 140.27371pt x 142.53215pt.
<3Dpca3.png, id=265, 574.145pt x 595.22375pt>
File: 3Dpca3.png Graphic file (type png)
<use 3Dpca3.png>
Package pdftex.def Info: 3Dpca3.png  used on input line 246.
(pdftex.def)             Requested size: 143.53589pt x 148.80557pt.
<kpca_first.png, id=266, 722.7pt x 578.16pt>
File: kpca_first.png Graphic file (type png)
<use kpca_first.png>
Package pdftex.def Info: kpca_first.png  used on input line 262.
(pdftex.def)             Requested size: 361.3491pt x 289.07928pt.

Overfull \hbox (42.1074pt too wide) in paragraph at lines 262--264
 [][] 
 []

<colorslice.png, id=267, 637.582pt x 901.769pt>
File: colorslice.png Graphic file (type png)
<use colorslice.png>
Package pdftex.def Info: colorslice.png  used on input line 268.
(pdftex.def)             Requested size: 127.51413pt x 180.3506pt.

Overfull \hbox (1.75562pt too wide) in paragraph at lines 268--270
 [][] 
 []


Package xcolor Warning: Incompatible color definition on input line 274.

File: polytechnique-logohori.pdf Graphic file (type pdf)
<use polytechnique-logohori.pdf>
Package pdftex.def Info: polytechnique-logohori.pdf  used on input line 274.
(pdftex.def)             Requested size: 97.76396pt x 42.67912pt.

Package xcolor Warning: Incompatible color definition on input line 274.

[9pdfTeX warning (ext4): destination with the same identifier (name{figure.8}) 
has been already used, duplicate ignored

\AtBegShi@Output ...ipout \box \AtBeginShipoutBox 
                                                  \fi \fi 
l.274 
       <./3Dpca1.png> <./3Dpca2.png> <./3Dpca3.png>]
<3Dkpca1.png, id=276, 553.06625pt x 574.145pt>
File: 3Dkpca1.png Graphic file (type png)
<use 3Dkpca1.png>
Package pdftex.def Info: 3Dkpca1.png  used on input line 284.
(pdftex.def)             Requested size: 165.92114pt x 172.24483pt.

Overfull \hbox (20.81061pt too wide) in paragraph at lines 284--286
 [][] 
 []

<3Dkpca2.png, id=277, 556.0775pt x 591.20876pt>
File: 3Dkpca2.png Graphic file (type png)
<use 3Dkpca2.png>
Package pdftex.def Info: 3Dkpca2.png  used on input line 290.
(pdftex.def)             Requested size: 166.82454pt x 177.36398pt.

Overfull \hbox (21.714pt too wide) in paragraph at lines 290--292
 [][] 
 []

<3Dkpca3.png, id=278, 416.55624pt x 520.94624pt>
File: 3Dkpca3.png Graphic file (type png)
<use 3Dkpca3.png>
Package pdftex.def Info: 3Dkpca3.png  used on input line 295.
(pdftex.def)             Requested size: 124.96783pt x 156.28508pt.

Package xcolor Warning: Incompatible color definition on input line 300.

File: polytechnique-logohori.pdf Graphic file (type pdf)
<use polytechnique-logohori.pdf>
Package pdftex.def Info: polytechnique-logohori.pdf  used on input line 300.
(pdftex.def)             Requested size: 97.76396pt x 42.67912pt.

Package xcolor Warning: Incompatible color definition on input line 300.

[10pdfTeX warning (ext4): destination with the same identifier (name{figure.9})
 has been already used, duplicate ignored

\AtBegShi@Output ...ipout \box \AtBeginShipoutBox 
                                                  \fi \fi 
l.300 
       <./kpca_first.png> <./colorslice.png>]
<kpca_poly.png, id=286, 722.7pt x 578.16pt>
File: kpca_poly.png Graphic file (type png)
<use kpca_poly.png>
Package pdftex.def Info: kpca_poly.png  used on input line 310.
(pdftex.def)             Requested size: 361.3491pt x 289.07928pt.

Overfull \hbox (42.1074pt too wide) in paragraph at lines 310--312
 [][] 
 []

File: colorslice.png Graphic file (type png)
<use colorslice.png>
Package pdftex.def Info: colorslice.png  used on input line 316.
(pdftex.def)             Requested size: 127.51413pt x 180.3506pt.

Overfull \hbox (1.75562pt too wide) in paragraph at lines 316--318
 [][] 
 []


Package xcolor Warning: Incompatible color definition on input line 328.

File: polytechnique-logohori.pdf Graphic file (type pdf)
<use polytechnique-logohori.pdf>
Package pdftex.def Info: polytechnique-logohori.pdf  used on input line 328.
(pdftex.def)             Requested size: 97.76396pt x 42.67912pt.

Package xcolor Warning: Incompatible color definition on input line 328.

[11pdfTeX warning (ext4): destination with the same identifier (name{figure.10}
) has been already used, duplicate ignored

\AtBegShi@Output ...ipout \box \AtBeginShipoutBox 
                                                  \fi \fi 
l.328 	
       pdfTeX warning (ext4): destination with the same identifier (name{figure
.11}) has been already used, duplicate ignored

\AtBegShi@Output ...ipout \box \AtBeginShipoutBox 
                                                  \fi \fi 
l.328 	
        <./3Dkpca1.png> <./3Dkpca2.png> <./3Dkpca3.png> <./kpca_poly.png>]
<graphMDS.png, id=297, 433.62pt x 289.08pt>
File: graphMDS.png Graphic file (type png)
<use graphMDS.png>
Package pdftex.def Info: graphMDS.png  used on input line 331.
(pdftex.def)             Requested size: 303.53192pt x 202.35461pt.
<mds3Da.png, id=298, 818.30719pt x 271.0125pt>
File: mds3Da.png Graphic file (type png)
<use mds3Da.png>
Package pdftex.def Info: mds3Da.png  used on input line 338.
(pdftex.def)             Requested size: 409.15259pt x 135.5059pt.


Package xcolor Warning: Incompatible color definition on input line 342.

File: polytechnique-logohori.pdf Graphic file (type pdf)
<use polytechnique-logohori.pdf>
Package pdftex.def Info: polytechnique-logohori.pdf  used on input line 342.
(pdftex.def)             Requested size: 97.76396pt x 42.67912pt.

Package xcolor Warning: Incompatible color definition on input line 342.

[12pdfTeX warning (ext4): destination with the same identifier (name{figure.12}
) has been already used, duplicate ignored

\AtBegShi@Output ...ipout \box \AtBeginShipoutBox 
                                                  \fi \fi 
l.342 
       <./graphMDS.png>]
<mds3Db.png, id=305, 834.11626pt x 278.54062pt>
File: mds3Db.png Graphic file (type png)
<use mds3Db.png>
Package pdftex.def Info: mds3Db.png  used on input line 345.
(pdftex.def)             Requested size: 417.05711pt x 139.26996pt.
<graphiso.png, id=306, 433.62pt x 433.62pt>
File: graphiso.png Graphic file (type png)
<use graphiso.png>
Package pdftex.def Info: graphiso.png  used on input line 357.
(pdftex.def)             Requested size: 346.89647pt x 346.89647pt.


Package xcolor Warning: Incompatible color definition on input line 361.

File: polytechnique-logohori.pdf Graphic file (type pdf)
<use polytechnique-logohori.pdf>
Package pdftex.def Info: polytechnique-logohori.pdf  used on input line 361.
(pdftex.def)             Requested size: 97.76396pt x 42.67912pt.

Package xcolor Warning: Incompatible color definition on input line 361.

[13pdfTeX warning (ext4): destination with the same identifier (name{figure.13}
) has been already used, duplicate ignored

\AtBegShi@Output ...ipout \box \AtBeginShipoutBox 
                                                  \fi \fi 
l.361 
      pdfTeX warning (ext4): destination with the same identifier (name{figure.
14}) has been already used, duplicate ignored

\AtBegShi@Output ...ipout \box \AtBeginShipoutBox 
                                                  \fi \fi 
l.361 
       <./mds3Da.png> <./mds3Db.png>]
<isoerrorneighbour.png, id=316, 433.62pt x 289.08pt>
File: isoerrorneighbour.png Graphic file (type png)
<use isoerrorneighbour.png>
Package pdftex.def Info: isoerrorneighbour.png  used on input line 366.
(pdftex.def)             Requested size: 346.89647pt x 231.2643pt.


Package xcolor Warning: Incompatible color definition on input line 370.

File: polytechnique-logohori.pdf Graphic file (type pdf)
<use polytechnique-logohori.pdf>
Package pdftex.def Info: polytechnique-logohori.pdf  used on input line 370.
(pdftex.def)             Requested size: 97.76396pt x 42.67912pt.

Package xcolor Warning: Incompatible color definition on input line 370.

[14pdfTeX warning (ext4): destination with the same identifier (name{figure.15}
) has been already used, duplicate ignored

\AtBegShi@Output ...ipout \box \AtBeginShipoutBox 
                                                  \fi \fi 
l.370 
       <./graphiso.png>]
<pcatime.png, id=323, 462.528pt x 346.896pt>
File: pcatime.png Graphic file (type png)
<use pcatime.png>
Package pdftex.def Info: pcatime.png  used on input line 380.
(pdftex.def)             Requested size: 231.26343pt x 173.44757pt.


Package xcolor Warning: Incompatible color definition on input line 384.

File: polytechnique-logohori.pdf Graphic file (type pdf)
<use polytechnique-logohori.pdf>
Package pdftex.def Info: polytechnique-logohori.pdf  used on input line 384.
(pdftex.def)             Requested size: 97.76396pt x 42.67912pt.

Package xcolor Warning: Incompatible color definition on input line 384.

[15pdfTeX warning (ext4): destination with the same identifier (name{figure.16}
) has been already used, duplicate ignored

\AtBegShi@Output ...ipout \box \AtBeginShipoutBox 
                                                  \fi \fi 
l.384 
       <./isoerrorneighbour.png>]
<kpcatime.png, id=330, 361.35pt x 361.35pt>
File: kpcatime.png Graphic file (type png)
<use kpcatime.png>
Package pdftex.def Info: kpcatime.png  used on input line 391.
(pdftex.def)             Requested size: 180.67456pt x 180.67456pt.
<kpcatimpe.png, id=331, 361.35pt x 361.35pt>
File: kpcatimpe.png Graphic file (type png)
<use kpcatimpe.png>
Package pdftex.def Info: kpcatimpe.png  used on input line 398.
(pdftex.def)             Requested size: 180.67456pt x 180.67456pt.


Package xcolor Warning: Incompatible color definition on input line 410.

File: polytechnique-logohori.pdf Graphic file (type pdf)
<use polytechnique-logohori.pdf>
Package pdftex.def Info: polytechnique-logohori.pdf  used on input line 410.
(pdftex.def)             Requested size: 97.76396pt x 42.67912pt.

Package xcolor Warning: Incompatible color definition on input line 410.

[16pdfTeX warning (ext4): destination with the same identifier (name{figure.17}
) has been already used, duplicate ignored

\AtBegShi@Output ...ipout \box \AtBeginShipoutBox 
                                                  \fi \fi 
l.410 	\end{quote}
                  		pdfTeX warning (ext4): destination with the same identifier
 (name{figure.18}) has been already used, duplicate ignored

\AtBegShi@Output ...ipout \box \AtBeginShipoutBox 
                                                  \fi \fi 
l.410 	\end{quote}
                  		pdfTeX warning (ext4): destination with the same identifier
 (name{figure.19}) has been already used, duplicate ignored

\AtBegShi@Output ...ipout \box \AtBeginShipoutBox 
                                                  \fi \fi 
l.410 	\end{quote}
                  		 <./pcatime.png> <./kpcatime.png> <./kpcatimpe.png>]
<time.png, id=342, 433.62pt x 289.08pt>
File: time.png Graphic file (type png)
<use time.png>
Package pdftex.def Info: time.png  used on input line 428.
(pdftex.def)             Requested size: 346.89647pt x 231.2643pt.
<timeisoneigh.png, id=343, 433.62pt x 289.08pt>
File: timeisoneigh.png Graphic file (type png)
<use timeisoneigh.png>
Package pdftex.def Info: timeisoneigh.png  used on input line 438.
(pdftex.def)             Requested size: 346.89647pt x 231.2643pt.


Package xcolor Warning: Incompatible color definition on input line 442.

File: polytechnique-logohori.pdf Graphic file (type pdf)
<use polytechnique-logohori.pdf>
Package pdftex.def Info: polytechnique-logohori.pdf  used on input line 442.
(pdftex.def)             Requested size: 97.76396pt x 42.67912pt.

Package xcolor Warning: Incompatible color definition on input line 442.

[17pdfTeX warning (ext4): destination with the same identifier (name{figure.20}
) has been already used, duplicate ignored

\AtBegShi@Output ...ipout \box \AtBeginShipoutBox 
                                                  \fi \fi 
l.442 
       <./time.png>]
<eigen.png, id=350, 361.35pt x 361.35pt>
File: eigen.png Graphic file (type png)
<use eigen.png>
Package pdftex.def Info: eigen.png  used on input line 450.
(pdftex.def)             Requested size: 216.81168pt x 216.81168pt.


Package xcolor Warning: Incompatible color definition on input line 454.

File: polytechnique-logohori.pdf Graphic file (type pdf)
<use polytechnique-logohori.pdf>
Package pdftex.def Info: polytechnique-logohori.pdf  used on input line 454.
(pdftex.def)             Requested size: 97.76396pt x 42.67912pt.

Package xcolor Warning: Incompatible color definition on input line 454.

[18pdfTeX warning (ext4): destination with the same identifier (name{figure.21}
) has been already used, duplicate ignored

\AtBegShi@Output ...ipout \box \AtBeginShipoutBox 
                                                  \fi \fi 
l.454 
       <./timeisoneigh.png>]
<temp1.png, id=357, 578.16pt x 578.16pt>
File: temp1.png Graphic file (type png)
<use temp1.png>
Package pdftex.def Info: temp1.png  used on input line 463.
(pdftex.def)             Requested size: 231.2599pt x 231.2599pt.

Overfull \hbox (86.14937pt too wide) in paragraph at lines 463--465
 [][] 
 []

<temp2.png, id=358, 546.04pt x 533.995pt>
File: temp2.png Graphic file (type png)
<use temp2.png>
Package pdftex.def Info: temp2.png  used on input line 469.
(pdftex.def)             Requested size: 163.81326pt x 160.19974pt.

Overfull \hbox (18.70273pt too wide) in paragraph at lines 469--471
 [][] 
 []

<temp3.png, id=359, 608.2725pt x 597.23125pt>
File: temp3.png Graphic file (type png)
<use temp3.png>
Package pdftex.def Info: temp3.png  used on input line 474.
(pdftex.def)             Requested size: 182.48315pt x 179.17075pt.

Overfull \hbox (37.37262pt too wide) in paragraph at lines 474--476
 [][] 
 []


Package xcolor Warning: Incompatible color definition on input line 479.

File: polytechnique-logohori.pdf Graphic file (type pdf)
<use polytechnique-logohori.pdf>
Package pdftex.def Info: polytechnique-logohori.pdf  used on input line 479.
(pdftex.def)             Requested size: 97.76396pt x 42.67912pt.

Package xcolor Warning: Incompatible color definition on input line 479.

[19pdfTeX warning (ext4): destination with the same identifier (name{figure.22}
) has been already used, duplicate ignored

\AtBegShi@Output ...ipout \box \AtBeginShipoutBox 
                                                  \fi \fi 
l.479 
       <./eigen.png>]
<esttemp1.png, id=367, 585.18625pt x 573.14125pt>
File: esttemp1.png Graphic file (type png)
<use esttemp1.png>
Package pdftex.def Info: esttemp1.png  used on input line 484.
(pdftex.def)             Requested size: 175.55722pt x 171.9437pt.

Overfull \hbox (30.44669pt too wide) in paragraph at lines 484--486
 [][] 
 []

<esttemp2.png, id=368, 507.8975pt x 553.06625pt>
File: esttemp2.png Graphic file (type png)
<use esttemp2.png>
Package pdftex.def Info: esttemp2.png  used on input line 490.
(pdftex.def)             Requested size: 152.37042pt x 165.92114pt.

Overfull \hbox (7.25989pt too wide) in paragraph at lines 490--492
 [][] 
 []

<esttemp3.png, id=369, 569.12625pt x 592.2125pt>
File: esttemp3.png Graphic file (type png)
<use esttemp3.png>
Package pdftex.def Info: esttemp3.png  used on input line 495.
(pdftex.def)             Requested size: 170.73918pt x 177.66512pt.

Overfull \hbox (25.62865pt too wide) in paragraph at lines 495--497
 [][] 
 []


Package xcolor Warning: Incompatible color definition on input line 510.

File: polytechnique-logohori.pdf Graphic file (type pdf)
<use polytechnique-logohori.pdf>
Package pdftex.def Info: polytechnique-logohori.pdf  used on input line 510.
(pdftex.def)             Requested size: 97.76396pt x 42.67912pt.

Package xcolor Warning: Incompatible color definition on input line 510.

[20pdfTeX warning (ext4): destination with the same identifier (name{figure.23}
) has been already used, duplicate ignored

\AtBegShi@Output ...ipout \box \AtBeginShipoutBox 
                                                  \fi \fi 
l.510 		
        pdfTeX warning (ext4): destination with the same identifier (name{figur
e.24}) has been already used, duplicate ignored

\AtBegShi@Output ...ipout \box \AtBeginShipoutBox 
                                                  \fi \fi 
l.510 		
         <./temp1.png> <./temp2.png> <./temp3.png> <./esttemp1.png> <./esttemp2
.png> <./esttemp3.png>]
<compmdsiso.png, id=382, 433.62pt x 289.08pt>
File: compmdsiso.png Graphic file (type png)
<use compmdsiso.png>
Package pdftex.def Info: compmdsiso.png  used on input line 513.
(pdftex.def)             Requested size: 433.61894pt x 289.07928pt.
<isoerrorsamplesizeD.png, id=383, 433.62pt x 289.08pt>
File: isoerrorsamplesizeD.png Graphic file (type png)
<use isoerrorsamplesizeD.png>
Package pdftex.def Info: isoerrorsamplesizeD.png  used on input line 524.
(pdftex.def)             Requested size: 346.89647pt x 231.2643pt.


Package xcolor Warning: Incompatible color definition on input line 528.

File: polytechnique-logohori.pdf Graphic file (type pdf)
<use polytechnique-logohori.pdf>
Package pdftex.def Info: polytechnique-logohori.pdf  used on input line 528.
(pdftex.def)             Requested size: 97.76396pt x 42.67912pt.

Package xcolor Warning: Incompatible color definition on input line 528.

[21pdfTeX warning (ext4): destination with the same identifier (name{figure.25}
) has been already used, duplicate ignored

\AtBegShi@Output ...ipout \box \AtBeginShipoutBox 
                                                  \fi \fi 
l.528 
       <./compmdsiso.png>]

Package xcolor Warning: Incompatible color definition on input line 542.

File: polytechnique-logohori.pdf Graphic file (type pdf)
<use polytechnique-logohori.pdf>
Package pdftex.def Info: polytechnique-logohori.pdf  used on input line 542.
(pdftex.def)             Requested size: 97.76396pt x 42.67912pt.

Package xcolor Warning: Incompatible color definition on input line 542.

[22pdfTeX warning (ext4): destination with the same identifier (name{figure.26}
) has been already used, duplicate ignored

\AtBegShi@Output ...ipout \box \AtBeginShipoutBox 
                                                  \fi \fi 
l.542 \end{document}
                     <./isoerrorsamplesizeD.png>]
Package atveryend Info: Empty hook `BeforeClearDocument' on input line 542.
Package atveryend Info: Empty hook `AfterLastShipout' on input line 542.
 (Rapport_MAP581.aux)
Package atveryend Info: Executing hook `AtVeryEndDocument' on input line 542.
Package atveryend Info: Executing hook `AtEndAfterFileList' on input line 542.


Package rerunfilecheck Warning: File `Rapport_MAP581.out' has changed.
(rerunfilecheck)                Rerun to get outlines right
(rerunfilecheck)                or use package `bookmark'.

Package rerunfilecheck Info: Checksums for `Rapport_MAP581.out':
(rerunfilecheck)             Before: 13B29375BD878FEB37EE8A059B74A896;1345
(rerunfilecheck)             After:  D5362EF88F891FE6144CED8C19642FAA;1289.
 ) 
Here is how much of TeX's memory you used:
 19713 strings out of 493303
 354380 string characters out of 3138453
 442248 words of memory out of 3000000
 22778 multiletter control sequences out of 15000+200000
 63019 words of font info for 56 fonts, out of 3000000 for 9000
 1141 hyphenation exceptions out of 8191
 55i,14n,54p,1036b,632s stack positions out of 5000i,500n,10000p,200000b,50000s
pdfTeX warning (dest): name{subsubsection.4.3.3} has been referenced but does
 not exist, replaced by a fixed one

{C:/Users/flore/Desktop/LaTex/fonts/enc/dvips/lm/lm-mathex.enc}{C:/Users/flore/
Desktop/LaTex/fonts/enc/dvips/lm/lm-mathit.enc}{C:/Users/flore/Desktop/LaTex/fo
nts/enc/dvips/lm/lm-mathsy.enc}{C:/Users/flore/Desktop/LaTex/fonts/enc/dvips/lm
/lm-rm.enc}{C:/Users/flore/Desktop/LaTex/fonts/enc/dvips/lm/lm-ec.enc}<C:/Users
/flore/Desktop/LaTex/fonts/type1/public/lm/lmbx12.pfb><C:/Users/flore/Desktop/L
aTex/fonts/type1/public/lm/lmcsc10.pfb><C:/Users/flore/Desktop/LaTex/fonts/type
1/public/lm/lmex10.pfb><C:/Users/flore/Desktop/LaTex/fonts/type1/public/lm/lmmi
12.pfb><C:/Users/flore/Desktop/LaTex/fonts/type1/public/lm/lmmi8.pfb><C:/Users/
flore/Desktop/LaTex/fonts/type1/public/lm/lmr12.pfb><C:/Users/flore/Desktop/LaT
ex/fonts/type1/public/lm/lmr17.pfb><C:/Users/flore/Desktop/LaTex/fonts/type1/pu
blic/lm/lmr8.pfb><C:/Users/flore/Desktop/LaTex/fonts/type1/public/lm/lmss17.pfb
><C:/Users/flore/Desktop/LaTex/fonts/type1/public/lm/lmssbx10.pfb><C:/Users/flo
re/Desktop/LaTex/fonts/type1/public/lm/lmsy10.pfb><C:/Users/flore/Desktop/LaTex
/fonts/type1/public/lm/lmsy8.pfb><C:/Users/flore/Desktop/LaTex/fonts/type1/publ
ic/amsfonts/symbols/msbm10.pfb>
Output written on Rapport_MAP581.pdf (22 pages, 3903168 bytes).
PDF statistics:
 461 PDF objects out of 1000 (max. 8388607)
 70 named destinations out of 1000 (max. 500000)
 371 words of extra memory for PDF output out of 10000 (max. 10000000)

